|2023-03-07|21:56:05.894| [INFO] .... Detect #GPUS: 1
|2023-03-07|21:56:06.042| [INFO] Generating new fontManager, this may take some time...
|2023-03-07|21:56:28.228| [INFO] ........................ Done Assembling Case 12_p7
|2023-03-08|16:02:43.781| [INFO] .... Detect #GPUS: 2
|2023-03-08|16:02:48.793| [INFO] ................ Process: 2_6088_A_0037218
|2023-03-08|16:02:48.808| [INFO] ................ WARNING: No mask found, generating mask via thresholding at 1.25x!
|2023-03-08|16:02:51.336| [INFO] ........ Preparing Input Output Placement: 2.542633512057364
|2023-03-08|16:03:12.868| [ERROR] Crash
Traceback (most recent call last):
  File "/opt/conda/envs/hovernet/lib/python3.6/site-packages/torch/utils/data/dataloader.py", line 779, in _try_get_data
    data = self._data_queue.get(timeout=timeout)
  File "/opt/conda/envs/hovernet/lib/python3.6/multiprocessing/queues.py", line 104, in get
    if not self._poll(timeout):
  File "/opt/conda/envs/hovernet/lib/python3.6/multiprocessing/connection.py", line 257, in poll
    return self._poll(timeout)
  File "/opt/conda/envs/hovernet/lib/python3.6/multiprocessing/connection.py", line 414, in _poll
    r = wait([self], timeout)
  File "/opt/conda/envs/hovernet/lib/python3.6/multiprocessing/connection.py", line 911, in wait
    ready = selector.select(timeout)
  File "/opt/conda/envs/hovernet/lib/python3.6/selectors.py", line 376, in select
    fd_event_list = self._poll.poll(timeout)
  File "/opt/conda/envs/hovernet/lib/python3.6/site-packages/torch/utils/data/_utils/signal_handling.py", line 66, in handler
    _error_if_any_worker_fails()
RuntimeError: DataLoader worker (pid 27604) is killed by signal: Bus error. It is possible that dataloader's workers are out of shared memory. Please try to raise your shared memory limit.

During handling of the above exception, another exception occurred:

Traceback (most recent call last):
  File "/workspace/hover_net_immune_microenvironment/infer/wsi.py", line 746, in process_wsi_list
    self.process_single_file(wsi_path, msk_path, self.output_dir)
  File "/workspace/hover_net_immune_microenvironment/infer/wsi.py", line 550, in process_single_file
    self.__get_raw_prediction(chunk_info_list, patch_info_list)
  File "/workspace/hover_net_immune_microenvironment/infer/wsi.py", line 374, in __get_raw_prediction
    chunk_patch_info_list[:, 0, 0], pbar_desc
  File "/workspace/hover_net_immune_microenvironment/infer/wsi.py", line 287, in __run_model
    for batch_idx, batch_data in enumerate(dataloader):
  File "/opt/conda/envs/hovernet/lib/python3.6/site-packages/torch/utils/data/dataloader.py", line 363, in __next__
    data = self._next_data()
  File "/opt/conda/envs/hovernet/lib/python3.6/site-packages/torch/utils/data/dataloader.py", line 974, in _next_data
    idx, data = self._get_data()
  File "/opt/conda/envs/hovernet/lib/python3.6/site-packages/torch/utils/data/dataloader.py", line 941, in _get_data
    success, data = self._try_get_data()
  File "/opt/conda/envs/hovernet/lib/python3.6/site-packages/torch/utils/data/dataloader.py", line 792, in _try_get_data
    raise RuntimeError('DataLoader worker (pid(s) {}) exited unexpectedly'.format(pids_str))
RuntimeError: DataLoader worker (pid(s) 27604, 27979) exited unexpectedly
|2023-03-08|16:36:21.365| [INFO] .... Detect #GPUS: 1
|2023-03-08|16:36:26.377| [INFO] ................ Process: 2_6088_A_0037218
|2023-03-08|16:36:26.392| [INFO] ................ WARNING: No mask found, generating mask via thresholding at 1.25x!
|2023-03-08|16:36:28.877| [INFO] ........ Preparing Input Output Placement: 2.4987222959753126
|2023-03-08|16:36:54.915| [ERROR] Crash
Traceback (most recent call last):
  File "/workspace/hover_net_immune_microenvironment/infer/wsi.py", line 746, in process_wsi_list
    self.process_single_file(wsi_path, msk_path, self.output_dir)
  File "/workspace/hover_net_immune_microenvironment/infer/wsi.py", line 550, in process_single_file
    self.__get_raw_prediction(chunk_info_list, patch_info_list)
  File "/workspace/hover_net_immune_microenvironment/infer/wsi.py", line 374, in __get_raw_prediction
    chunk_patch_info_list[:, 0, 0], pbar_desc
  File "/workspace/hover_net_immune_microenvironment/infer/wsi.py", line 289, in __run_model
    sample_output_list = self.run_step(sample_data_list)
  File "/workspace/hover_net_immune_microenvironment/infer/base.py", line 74, in <lambda>
    self.run_step = lambda input_batch: run_step(input_batch, net)
  File "/workspace/hover_net_immune_microenvironment/models/hovernet/run_desc.py", line 184, in infer_step
    pred_dict = model(patch_imgs_gpu)
  File "/opt/conda/envs/hovernet/lib/python3.6/site-packages/torch/nn/modules/module.py", line 722, in _call_impl
    result = self.forward(*input, **kwargs)
  File "/opt/conda/envs/hovernet/lib/python3.6/site-packages/torch/nn/parallel/data_parallel.py", line 153, in forward
    return self.module(*inputs[0], **kwargs[0])
  File "/opt/conda/envs/hovernet/lib/python3.6/site-packages/torch/nn/modules/module.py", line 722, in _call_impl
    result = self.forward(*input, **kwargs)
  File "/workspace/hover_net_immune_microenvironment/models/hovernet/net_desc.py", line 117, in forward
    d1 = self.d1(d0)
  File "/opt/conda/envs/hovernet/lib/python3.6/site-packages/torch/nn/modules/module.py", line 722, in _call_impl
    result = self.forward(*input, **kwargs)
  File "/workspace/hover_net_immune_microenvironment/models/hovernet/net_utils.py", line 262, in forward
    new_feat = self.units[idx](new_feat)
  File "/opt/conda/envs/hovernet/lib/python3.6/site-packages/torch/nn/modules/module.py", line 722, in _call_impl
    result = self.forward(*input, **kwargs)
  File "/opt/conda/envs/hovernet/lib/python3.6/site-packages/torch/nn/modules/container.py", line 117, in forward
    input = module(input)
  File "/opt/conda/envs/hovernet/lib/python3.6/site-packages/torch/nn/modules/module.py", line 722, in _call_impl
    result = self.forward(*input, **kwargs)
  File "/workspace/hover_net_immune_microenvironment/models/hovernet/net_utils.py", line 65, in forward
    x = F.pad(x, padding, "constant", 0)
  File "/opt/conda/envs/hovernet/lib/python3.6/site-packages/torch/nn/functional.py", line 3552, in _pad
    return _VF.constant_pad_nd(input, pad, value)
  File "/opt/conda/envs/hovernet/lib/python3.6/site-packages/torch/utils/data/_utils/signal_handling.py", line 66, in handler
    _error_if_any_worker_fails()
RuntimeError: DataLoader worker (pid 4995) is killed by signal: Bus error. It is possible that dataloader's workers are out of shared memory. Please try to raise your shared memory limit.
|2023-03-08|16:37:27.915| [INFO] .... Detect #GPUS: 1
|2023-03-08|16:37:32.983| [INFO] ................ Process: 2_6088_A_0037218
|2023-03-08|16:37:32.998| [INFO] ................ WARNING: No mask found, generating mask via thresholding at 1.25x!
|2023-03-08|16:37:35.475| [INFO] ........ Preparing Input Output Placement: 2.491140266880393
|2023-03-08|16:37:57.134| [ERROR] Crash
Traceback (most recent call last):
  File "/opt/conda/envs/hovernet/lib/python3.6/site-packages/torch/utils/data/dataloader.py", line 779, in _try_get_data
    data = self._data_queue.get(timeout=timeout)
  File "/opt/conda/envs/hovernet/lib/python3.6/multiprocessing/queues.py", line 113, in get
    return _ForkingPickler.loads(res)
  File "/opt/conda/envs/hovernet/lib/python3.6/site-packages/torch/multiprocessing/reductions.py", line 282, in rebuild_storage_fd
    fd = df.detach()
  File "/opt/conda/envs/hovernet/lib/python3.6/multiprocessing/resource_sharer.py", line 57, in detach
    with _resource_sharer.get_connection(self._id) as conn:
  File "/opt/conda/envs/hovernet/lib/python3.6/multiprocessing/resource_sharer.py", line 87, in get_connection
    c = Client(address, authkey=process.current_process().authkey)
  File "/opt/conda/envs/hovernet/lib/python3.6/multiprocessing/connection.py", line 493, in Client
    answer_challenge(c, authkey)
  File "/opt/conda/envs/hovernet/lib/python3.6/multiprocessing/connection.py", line 732, in answer_challenge
    message = connection.recv_bytes(256)         # reject large message
  File "/opt/conda/envs/hovernet/lib/python3.6/multiprocessing/connection.py", line 216, in recv_bytes
    buf = self._recv_bytes(maxlength)
  File "/opt/conda/envs/hovernet/lib/python3.6/multiprocessing/connection.py", line 407, in _recv_bytes
    buf = self._recv(4)
  File "/opt/conda/envs/hovernet/lib/python3.6/multiprocessing/connection.py", line 379, in _recv
    chunk = read(handle, remaining)
  File "/opt/conda/envs/hovernet/lib/python3.6/site-packages/torch/utils/data/_utils/signal_handling.py", line 66, in handler
    _error_if_any_worker_fails()
RuntimeError: DataLoader worker (pid 6264) is killed by signal: Bus error. It is possible that dataloader's workers are out of shared memory. Please try to raise your shared memory limit.

During handling of the above exception, another exception occurred:

Traceback (most recent call last):
  File "/workspace/hover_net_immune_microenvironment/infer/wsi.py", line 746, in process_wsi_list
    self.process_single_file(wsi_path, msk_path, self.output_dir)
  File "/workspace/hover_net_immune_microenvironment/infer/wsi.py", line 550, in process_single_file
    self.__get_raw_prediction(chunk_info_list, patch_info_list)
  File "/workspace/hover_net_immune_microenvironment/infer/wsi.py", line 374, in __get_raw_prediction
    chunk_patch_info_list[:, 0, 0], pbar_desc
  File "/workspace/hover_net_immune_microenvironment/infer/wsi.py", line 287, in __run_model
    for batch_idx, batch_data in enumerate(dataloader):
  File "/opt/conda/envs/hovernet/lib/python3.6/site-packages/torch/utils/data/dataloader.py", line 363, in __next__
    data = self._next_data()
  File "/opt/conda/envs/hovernet/lib/python3.6/site-packages/torch/utils/data/dataloader.py", line 974, in _next_data
    idx, data = self._get_data()
  File "/opt/conda/envs/hovernet/lib/python3.6/site-packages/torch/utils/data/dataloader.py", line 941, in _get_data
    success, data = self._try_get_data()
  File "/opt/conda/envs/hovernet/lib/python3.6/site-packages/torch/utils/data/dataloader.py", line 792, in _try_get_data
    raise RuntimeError('DataLoader worker (pid(s) {}) exited unexpectedly'.format(pids_str))
RuntimeError: DataLoader worker (pid(s) 6264, 6507, 6567) exited unexpectedly
|2023-04-11|19:33:32.569| [INFO] .... Detect #GPUS: 1
|2023-04-11|19:33:32.696| [INFO] Generating new fontManager, this may take some time...
|2023-04-11|19:37:49.124| [INFO] .... Detect #GPUS: 1
|2023-04-11|19:53:25.141| [INFO] .... Detect #GPUS: 1
|2023-04-11|19:53:51.213| [INFO] ........................ Done Assembling Case 12_p7
|2023-04-11|20:16:38.659| [INFO] .... Detect #GPUS: 1
|2023-04-11|20:17:06.928| [INFO] .... Detect #GPUS: 1
|2023-04-11|20:17:33.015| [INFO] ........................ Done Assembling Case 12_p7
|2023-04-12|01:54:05.158| [INFO] .... Detect #GPUS: 1
|2023-04-12|01:54:05.303| [INFO] Generating new fontManager, this may take some time...
|2023-04-12|01:55:08.948| [INFO] .... Detect #GPUS: 1
|2023-04-12|01:59:23.410| [INFO] .... Detect #GPUS: 1
|2023-04-12|02:03:49.492| [INFO] .... Detect #GPUS: 1
|2023-04-12|02:04:16.452| [INFO] ........................ Done Assembling Case 12_p7
|2023-04-12|02:08:01.052| [INFO] .... Detect #GPUS: 1
|2023-04-12|02:08:06.363| [INFO] ................ Process: 2_6063_A_0045149
|2023-04-12|02:08:07.002| [INFO] ........ Preparing Input Output Placement: 0.6385955270379782
|2023-04-12|02:42:21.965| [INFO] ........ Inference Time: 2054.9607984829927
|2023-04-12|02:43:07.463| [INFO] ........ Total Post Proc Time: 45.496130433049984
|2023-04-12|02:43:12.801| [INFO] ........ Save Time: 5.336814057081938
|2023-04-12|02:43:12.802| [INFO] ................ Finish
|2023-04-12|14:57:20.878| [INFO] .... Detect #GPUS: 0
|2023-04-12|15:13:01.640| [INFO] .... Detect #GPUS: 1
|2023-04-12|15:13:06.922| [INFO] ................ Process: 2_6063_A_0045149
|2023-04-12|15:13:06.936| [INFO] ................ WARNING: No mask found, generating mask via thresholding at 1.25x!
|2023-04-12|15:13:07.953| [ERROR] Crash
Traceback (most recent call last):
  File "/workspace/spatial_characterization/hover_net/infer/wsi.py", line 758, in process_wsi_list
    self.process_single_file(wsi_path, msk_path, self.output_dir)
  File "/workspace/spatial_characterization/hover_net/infer/wsi.py", line 503, in process_single_file
    label_img = label(self.wsi_mask)
UnboundLocalError: local variable 'label' referenced before assignment
|2023-04-12|15:14:38.065| [INFO] .... Detect #GPUS: 1
|2023-04-12|15:14:43.429| [INFO] ................ Process: 2_6063_A_0045149
|2023-04-12|15:14:43.443| [INFO] ................ WARNING: No mask found, generating mask via thresholding at 1.25x!
|2023-04-12|15:14:44.496| [INFO] ........ Preparing Input Output Placement: 1.0661547599593177
|2023-04-12|15:25:22.717| [INFO] .... Detect #GPUS: 1
|2023-04-12|15:25:28.032| [INFO] ................ Skip: 2_6063_A_0045149
|2023-04-12|15:28:38.392| [INFO] .... Detect #GPUS: 1
|2023-04-12|15:28:43.703| [INFO] ................ Process: 2_4848_A_0039882
|2023-04-12|15:28:43.723| [INFO] ................ WARNING: No mask found, generating mask via thresholding at 1.25x!
|2023-04-12|15:28:48.608| [INFO] ........ Preparing Input Output Placement: 4.90413726400584
|2023-04-12|15:43:41.095| [INFO] ........ Inference Time: 892.4846243229695
|2023-04-12|15:44:07.254| [INFO] ........ Total Post Proc Time: 26.157381095923483
|2023-04-12|15:44:10.282| [INFO] ........ Save Time: 3.0269493659725413
|2023-04-12|15:44:10.283| [INFO] ................ Finish
|2023-04-12|15:44:10.284| [INFO] ................ Skip: 2_6063_A_0045149
|2023-04-12|17:57:24.669| [INFO] .... Detect #GPUS: 1
|2023-04-12|17:57:29.968| [INFO] ................ Process: 2_4998_A_0043238
|2023-04-12|17:57:30.638| [INFO] ................ WARNING: No mask found, generating mask via thresholding at 1.25x!
|2023-04-12|17:57:37.343| [INFO] ........ Preparing Input Output Placement: 7.373577046091668
|2023-04-12|18:20:59.592| [INFO] ........ Inference Time: 1402.2477112899069
|2023-04-12|18:21:25.878| [INFO] ........ Total Post Proc Time: 26.284378796932288
|2023-04-12|18:21:28.656| [INFO] ........ Save Time: 2.7772833339404315
|2023-04-12|18:21:28.657| [INFO] ................ Finish
|2023-04-12|18:21:28.657| [INFO] ................ Process: 2_6128_A_0037275
|2023-04-12|18:21:29.130| [INFO] ................ WARNING: No mask found, generating mask via thresholding at 1.25x!
|2023-04-12|18:21:35.602| [INFO] ........ Preparing Input Output Placement: 6.94463640905451
|2023-04-12|18:47:51.918| [INFO] ........ Inference Time: 1576.3143078250578
|2023-04-12|18:48:14.095| [INFO] ........ Total Post Proc Time: 22.174211162957363
|2023-04-12|18:48:14.570| [INFO] ........ Save Time: 0.474250171915628
|2023-04-12|18:48:14.571| [INFO] ................ Finish
|2023-04-12|18:48:14.572| [INFO] ................ Process: 2_6155_A_0038803
|2023-04-12|18:48:15.233| [INFO] ................ WARNING: No mask found, generating mask via thresholding at 1.25x!
|2023-04-12|18:48:21.816| [INFO] ........ Preparing Input Output Placement: 7.243634234997444
|2023-04-12|18:56:29.587| [INFO] ........ Inference Time: 487.76935576903634
|2023-04-12|18:56:50.107| [INFO] ........ Total Post Proc Time: 20.518045605975203
|2023-04-12|18:56:52.085| [INFO] ........ Save Time: 1.9781294140266255
|2023-04-12|18:56:52.086| [INFO] ................ Finish
|2023-04-12|18:56:52.086| [INFO] ................ Process: 2_6223_A_0043223
|2023-04-12|18:56:52.725| [INFO] ................ WARNING: No mask found, generating mask via thresholding at 1.25x!
|2023-04-12|18:56:58.422| [INFO] ........ Preparing Input Output Placement: 6.335124226985499
|2023-04-12|19:14:25.016| [INFO] ........ Inference Time: 1046.593305823044
|2023-04-12|19:14:50.052| [INFO] ........ Total Post Proc Time: 25.03387251100503
|2023-04-12|19:14:52.635| [INFO] ........ Save Time: 2.5816195119405165
|2023-04-12|19:14:52.636| [INFO] ................ Finish
|2023-04-12|20:02:48.374| [INFO] .... Detect #GPUS: 1
|2023-04-12|20:03:30.132| [INFO] .... Detect #GPUS: 1
|2023-04-12|20:03:56.388| [INFO] .... Detect #GPUS: 1
|2023-04-12|20:06:40.033| [INFO] .... Detect #GPUS: 1
|2023-04-12|20:06:45.343| [INFO] ................ Process: 2_6128_A_0037275
|2023-04-12|20:06:45.837| [INFO] ................ WARNING: No mask found, generating mask via thresholding at 1.25x!
|2023-04-12|20:06:48.834| [ERROR] Crash
Traceback (most recent call last):
  File "/workspace/spatial_characterization/hover_net/infer/wsi.py", line 768, in process_wsi_list
    self.process_single_file(wsi_path, msk_path, self.output_dir)
  File "/workspace/spatial_characterization/hover_net/infer/wsi.py", line 510, in process_single_file
    for ii, area in enumarate(areas):
NameError: name 'enumarate' is not defined
|2023-04-12|20:07:05.090| [INFO] .... Detect #GPUS: 1
|2023-04-12|20:07:10.447| [INFO] ................ Process: 2_6128_A_0037275
|2023-04-12|20:07:10.916| [INFO] ................ WARNING: No mask found, generating mask via thresholding at 1.25x!
|2023-04-12|20:07:16.221| [INFO] ........ Preparing Input Output Placement: 5.77336456393823
|2023-04-12|20:10:49.431| [INFO] .... Detect #GPUS: 1
|2023-04-12|20:10:54.790| [INFO] ................ Process: 2_6128_A_0037275
|2023-04-12|20:10:55.260| [INFO] ................ WARNING: No mask found, generating mask via thresholding at 1.25x!
|2023-04-12|20:11:00.482| [INFO] ........ Preparing Input Output Placement: 5.691514316946268
|2023-04-12|20:11:57.166| [INFO] .... Detect #GPUS: 1
|2023-04-12|20:12:02.472| [INFO] ................ Process: 2_6128_A_0037275
|2023-04-12|20:12:02.954| [INFO] ................ WARNING: No mask found, generating mask via thresholding at 1.25x!
|2023-04-12|20:12:08.206| [INFO] ........ Preparing Input Output Placement: 5.733237193082459
|2023-04-12|20:13:09.051| [INFO] .... Detect #GPUS: 1
|2023-04-12|20:13:14.525| [INFO] ................ Process: 2_6128_A_0037275
|2023-04-12|20:13:14.991| [INFO] ................ WARNING: No mask found, generating mask via thresholding at 1.25x!
|2023-04-12|20:13:20.021| [INFO] ........ Preparing Input Output Placement: 5.494303409010172
|2023-04-12|20:29:02.744| [INFO] ........ Inference Time: 942.7221759869717
|2023-04-12|20:29:33.557| [INFO] ........ Total Post Proc Time: 30.812843860010616
|2023-04-12|20:29:38.329| [INFO] ........ Save Time: 4.771175623987801
|2023-04-12|20:29:38.330| [INFO] ................ Finish
|2023-04-17|20:22:24.397| [INFO] .... Detect #GPUS: 0
|2023-04-17|20:28:21.045| [INFO] .... Detect #GPUS: 1
|2023-04-17|20:28:26.391| [INFO] ................ Process: 11_26609_000_009_L1_HE
|2023-04-17|20:28:26.400| [INFO] ................ WARNING: No mask found, generating mask via thresholding at 1.25x!
|2023-04-17|20:28:33.739| [INFO] ........ Preparing Input Output Placement: 7.348204944981262
|2023-04-17|20:55:39.412| [INFO] ........ Inference Time: 1625.6704478389584
|2023-04-17|20:56:32.907| [INFO] ........ Total Post Proc Time: 53.49322300287895
|2023-04-17|20:56:39.802| [INFO] ........ Save Time: 6.8942751351278275
|2023-04-17|20:56:39.804| [INFO] ................ Finish
|2023-04-17|20:56:39.805| [INFO] ................ Process: 11_26609_009_014 L2 HE
|2023-04-17|20:56:39.807| [INFO] ................ WARNING: No mask found, generating mask via thresholding at 1.25x!
|2023-04-17|20:56:42.756| [INFO] ........ Preparing Input Output Placement: 2.9510240729432553
|2023-04-17|21:05:05.461| [INFO] ........ Inference Time: 502.70379095198587
|2023-04-17|21:05:24.212| [INFO] ........ Total Post Proc Time: 18.749457941157743
|2023-04-17|21:05:25.985| [INFO] ........ Save Time: 1.77201113011688
|2023-04-17|21:05:25.985| [INFO] ................ Finish
|2023-04-17|21:05:25.985| [INFO] ................ Process: 11_26609_022_005 L02 HE
|2023-04-17|21:05:25.990| [INFO] ................ WARNING: No mask found, generating mask via thresholding at 1.25x!
|2023-04-17|21:05:27.510| [INFO] ........ Preparing Input Output Placement: 1.5239892599638551
|2023-04-17|21:13:52.252| [INFO] ........ Inference Time: 504.74157928302884
|2023-04-17|21:14:11.263| [INFO] ........ Total Post Proc Time: 19.009173705941066
|2023-04-17|21:14:12.913| [INFO] ........ Save Time: 1.6497302008792758
|2023-04-17|21:14:12.914| [INFO] ................ Finish
|2023-04-17|21:14:12.914| [INFO] ................ Process: 11_26609_029_504 L12 _ HE
|2023-04-17|21:14:12.920| [INFO] ................ WARNING: No mask found, generating mask via thresholding at 1.25x!
|2023-04-17|21:14:16.642| [INFO] ........ Preparing Input Output Placement: 3.7273727799765766
|2023-04-17|21:39:26.707| [INFO] ........ Inference Time: 1510.062860420905
|2023-04-17|21:40:10.754| [INFO] ........ Total Post Proc Time: 44.04533572704531
|2023-04-17|21:40:17.109| [INFO] ........ Save Time: 6.354942885925993
|2023-04-17|21:40:17.110| [INFO] ................ Finish
|2023-04-17|21:40:17.111| [INFO] ................ Process: 12_26609_023_516 LUNK1 HE
|2023-04-17|21:40:17.119| [INFO] ................ WARNING: No mask found, generating mask via thresholding at 1.25x!
|2023-04-17|21:40:22.378| [INFO] ........ Preparing Input Output Placement: 5.267024090047926
|2023-04-17|21:53:57.697| [INFO] ........ Inference Time: 815.3178925840184
|2023-04-17|21:54:25.314| [INFO] ........ Total Post Proc Time: 27.61644664313644
|2023-04-17|21:54:28.758| [INFO] ........ Save Time: 3.442737029166892
|2023-04-17|21:54:28.759| [INFO] ................ Finish
|2023-04-17|21:54:28.759| [INFO] ................ Process: 12_26609_026_014 L01 HE
|2023-04-17|21:54:28.768| [INFO] ................ WARNING: No mask found, generating mask via thresholding at 1.25x!
|2023-04-17|21:54:32.700| [INFO] ........ Preparing Input Output Placement: 3.940620153909549
|2023-04-17|22:18:30.806| [INFO] ........ Inference Time: 1438.103725575842
|2023-04-17|22:19:19.509| [INFO] ........ Total Post Proc Time: 48.70123181096278
|2023-04-17|22:19:26.652| [INFO] ........ Save Time: 7.141947723925114
|2023-04-17|22:19:26.653| [INFO] ................ Finish
|2023-04-17|22:19:26.653| [INFO] ................ Process: 12_26609_099_005 L02 HE
|2023-04-17|22:19:26.662| [INFO] ................ WARNING: No mask found, generating mask via thresholding at 1.25x!
|2023-04-17|22:19:30.247| [INFO] ........ Preparing Input Output Placement: 3.593293062178418
|2023-04-17|22:34:16.883| [INFO] ........ Inference Time: 886.6338008919265
|2023-04-17|22:34:41.411| [INFO] ........ Total Post Proc Time: 24.52617970202118
|2023-04-17|22:34:43.614| [INFO] ........ Save Time: 2.202598928939551
|2023-04-17|22:34:43.615| [INFO] ................ Finish
|2023-04-17|22:34:43.615| [INFO] ................ Process: 12_26609_099_006 L02 HE
|2023-04-17|22:34:43.623| [INFO] ................ WARNING: No mask found, generating mask via thresholding at 1.25x!
|2023-04-17|22:34:49.995| [INFO] ........ Preparing Input Output Placement: 6.379959939979017
|2023-04-17|23:24:58.864| [INFO] ........ Inference Time: 3008.86683884589
|2023-04-17|23:25:22.118| [INFO] ........ Total Post Proc Time: 23.25045182183385
|2023-04-17|23:25:22.130| [INFO] ........ Save Time: 0.010101273190230131
|2023-04-17|23:25:22.131| [INFO] ................ Finish
|2023-04-17|23:25:22.132| [INFO] ................ Process: 13_26609_033_520 L01 HE
|2023-04-17|23:25:22.147| [INFO] ................ WARNING: No mask found, generating mask via thresholding at 1.25x!
|2023-04-17|23:25:25.172| [INFO] ........ Preparing Input Output Placement: 3.0395395641680807
|2023-04-17|23:43:37.135| [INFO] ........ Inference Time: 1091.961294326
|2023-04-17|23:44:14.962| [INFO] ........ Total Post Proc Time: 37.82642130390741
|2023-04-17|23:44:20.903| [INFO] ........ Save Time: 5.935444863047451
|2023-04-17|23:44:20.904| [INFO] ................ Finish
|2023-04-17|23:44:20.904| [INFO] ................ Process: 14_26609_025_518 L01 HE
|2023-04-17|23:44:20.910| [INFO] ................ WARNING: No mask found, generating mask via thresholding at 1.25x!
|2023-04-17|23:44:23.562| [INFO] ........ Preparing Input Output Placement: 2.657411541091278
|2023-04-17|23:48:48.358| [INFO] ........ Inference Time: 264.7943529309705
|2023-04-17|23:49:03.967| [INFO] ........ Total Post Proc Time: 15.607545541832224
|2023-04-17|23:49:04.405| [INFO] ........ Save Time: 0.4373105061240494
|2023-04-17|23:49:04.406| [INFO] ................ Finish
|2023-04-19|20:28:17.287| [INFO] .... Detect #GPUS: 1
|2023-04-19|20:28:22.663| [INFO] ................ Process: 11_26609_000_009_L1_HE
|2023-04-19|20:28:25.581| [INFO] ........ Preparing Input Output Placement: 2.918123273178935
|2023-04-19|21:21:15.158| [INFO] ........ Inference Time: 3169.574503940996
|2023-04-19|21:22:40.428| [INFO] ........ Total Post Proc Time: 85.26891154795885
|2023-04-19|21:22:53.891| [INFO] ........ Save Time: 13.45957754086703
|2023-04-19|21:22:53.892| [INFO] ................ Finish
|2023-04-19|21:22:53.893| [INFO] ................ Process: 11_26609_009_014 L2 HE
|2023-04-19|21:22:58.039| [INFO] ........ Preparing Input Output Placement: 4.1461980738677084
|2023-04-19|21:38:51.555| [INFO] ........ Inference Time: 953.5149470230099
|2023-04-19|21:39:19.434| [INFO] ........ Total Post Proc Time: 27.876643545925617
|2023-04-19|21:39:22.526| [INFO] ........ Save Time: 3.0915656508877873
|2023-04-19|21:39:22.527| [INFO] ................ Finish
|2023-04-19|21:39:22.527| [INFO] ................ Process: 11_26609_022_005 L02 HE
|2023-04-19|21:39:24.306| [INFO] ........ Preparing Input Output Placement: 1.778448126045987
|2023-04-19|21:47:06.699| [INFO] ........ Inference Time: 462.3907025209628
|2023-04-19|21:47:26.657| [INFO] ........ Total Post Proc Time: 19.955563437892124
|2023-04-19|21:47:28.568| [INFO] ........ Save Time: 1.9108605948276818
|2023-04-19|21:47:28.569| [INFO] ................ Finish
|2023-04-19|21:47:28.569| [INFO] ................ Process: 11_26609_029_504 L12 _ HE
|2023-04-19|21:47:30.101| [INFO] ........ Preparing Input Output Placement: 1.5315171380061656
|2023-04-19|22:50:17.995| [INFO] ........ Inference Time: 3767.891813331982
|2023-04-19|22:52:00.217| [INFO] ........ Total Post Proc Time: 102.21977756312117
|2023-04-19|22:52:18.470| [INFO] ........ Save Time: 18.252533541060984
|2023-04-19|22:52:18.471| [INFO] ................ Finish
|2023-04-19|22:52:18.471| [INFO] ................ Process: 12_26609_023_516 LUNK1 HE
|2023-04-19|22:52:23.807| [INFO] ........ Preparing Input Output Placement: 5.335424019023776
|2023-04-19|23:14:09.002| [INFO] ........ Inference Time: 1305.19260548288
|2023-04-19|23:14:46.303| [INFO] ........ Total Post Proc Time: 37.29842326696962
|2023-04-19|23:14:51.836| [INFO] ........ Save Time: 5.5313513819128275
|2023-04-19|23:14:51.836| [INFO] ................ Finish
|2023-04-19|23:14:51.837| [INFO] ................ Process: 12_26609_026_014 L01 HE
|2023-04-19|23:14:54.375| [INFO] ........ Preparing Input Output Placement: 2.5371758271940053
|2023-04-19|23:56:42.018| [INFO] ........ Inference Time: 2507.6414439398795
|2023-04-19|23:57:54.643| [INFO] ........ Total Post Proc Time: 72.62346174498089
|2023-04-19|23:58:07.937| [INFO] ........ Save Time: 13.291727127041668
|2023-04-19|23:58:07.938| [INFO] ................ Finish
|2023-04-19|23:58:07.938| [INFO] ................ Process: 12_26609_099_005 L02 HE
|2023-04-19|23:58:11.489| [INFO] ........ Preparing Input Output Placement: 3.549935835879296
|2023-04-20|00:12:57.786| [INFO] ........ Inference Time: 886.2961448959541
|2023-04-20|00:13:21.726| [INFO] ........ Total Post Proc Time: 23.939424883807078
|2023-04-20|00:13:24.018| [INFO] ........ Save Time: 2.290853237034753
|2023-04-20|00:13:24.019| [INFO] ................ Finish
|2023-04-20|00:13:24.019| [INFO] ................ Process: 12_26609_099_006 L02 HE
|2023-04-20|00:13:26.894| [INFO] ........ Preparing Input Output Placement: 2.874169863993302
|2023-04-20|00:27:08.092| [INFO] ........ Inference Time: 821.1976255569607
|2023-04-20|00:27:38.181| [INFO] ........ Total Post Proc Time: 30.08742707478814
|2023-04-20|00:27:42.553| [INFO] ........ Save Time: 4.370608380995691
|2023-04-20|00:27:42.553| [INFO] ................ Finish
|2023-04-20|00:27:42.554| [INFO] ................ Process: 13_26609_033_520 L01 HE
|2023-04-20|00:27:44.333| [INFO] ........ Preparing Input Output Placement: 1.7789049029815942
|2023-04-20|00:45:56.396| [INFO] ........ Inference Time: 1092.0619639400393
|2023-04-20|00:46:34.530| [INFO] ........ Total Post Proc Time: 38.13246651785448
|2023-04-20|00:46:40.701| [INFO] ........ Save Time: 6.169606830924749
|2023-04-20|00:46:40.702| [INFO] ................ Finish
|2023-04-20|00:46:40.702| [INFO] ................ Process: 14_26609_025_518 L01 HE
|2023-04-20|00:46:42.698| [INFO] ........ Preparing Input Output Placement: 1.9948895070701838
|2023-04-20|00:56:37.208| [INFO] ........ Inference Time: 594.5093387321103
|2023-04-20|00:56:57.095| [INFO] ........ Total Post Proc Time: 19.88511700904928
|2023-04-20|00:56:58.392| [INFO] ........ Save Time: 1.296343179186806
|2023-04-20|00:56:58.393| [INFO] ................ Finish
|2023-05-08|18:52:22.803| [INFO] .... Detect #GPUS: 1
|2023-05-08|19:09:01.429| [INFO] ........................ Done Assembling 526247_nodal1
|2023-05-08|20:15:07.850| [INFO] .... Detect #GPUS: 1
|2023-05-08|21:17:00.656| [INFO] ........................ Done Assembling 700812_nodal1
|2023-05-08|21:23:28.872| [INFO] ........................ Done Assembling 700812_tumor1
|2023-05-08|21:23:55.806| [INFO] ........................ Done Assembling 700958_tumor2
|2023-05-08|21:24:01.352| [INFO] ........................ Done Assembling 526247_tumor1
|2023-05-08|21:25:36.520| [INFO] ........................ Done Assembling 700846_tumor2
|2023-05-08|21:25:45.482| [INFO] ........................ Done Assembling 700958_tumor1
|2023-05-08|21:26:10.022| [INFO] ........................ Done Assembling 700812_tumor2
|2023-05-08|21:27:15.748| [INFO] ........................ Done Assembling 700846_tumor1
|2023-05-08|21:28:14.179| [INFO] ........................ Done Assembling 700812_tumor3
|2023-05-08|21:28:21.037| [INFO] ........................ Done Assembling 700958_tumor3
|2023-05-08|21:28:28.506| [INFO] ........................ Done Assembling 700846_tumor3
|2023-05-08|21:29:04.780| [INFO] ........................ Done Assembling 700846_tumor4
|2023-05-08|21:29:21.844| [INFO] ........................ Done Assembling 526247_tumor3
|2023-05-08|21:31:51.810| [INFO] ........................ Done Assembling 526247_tumor2
|2023-05-08|21:32:55.974| [INFO] ........................ Done Assembling 526247_nodal2
|2023-05-08|21:35:01.347| [INFO] ........................ Done Assembling 526247_nodal1
|2023-05-10|19:21:42.111| [INFO] .... Detect #GPUS: 1
|2023-05-10|19:21:53.073| [INFO] ................ Process: 15_26609_024_045 L02 HE
|2023-05-10|19:21:53.076| [INFO] ................ WARNING: No mask found, generating mask via thresholding at 1.25x!
|2023-05-10|19:21:54.483| [INFO] ........ Preparing Input Output Placement: 1.4090687499992782
|2023-05-10|19:23:05.326| [INFO] .... Detect #GPUS: 1
|2023-05-10|19:23:10.720| [INFO] ................ Process: 15_26609_024_045 L02 HE
|2023-05-10|19:23:10.723| [INFO] ................ WARNING: No mask found, generating mask via thresholding at 1.25x!
|2023-05-10|19:23:12.307| [INFO] ........ Preparing Input Output Placement: 1.5859097319917055
|2023-05-10|19:54:58.458| [INFO] .... Detect #GPUS: 0
|2023-05-12|18:44:01.653| [INFO] .... Detect #GPUS: 1
|2023-05-12|18:44:12.332| [INFO] ................ Process: 15_26609_024_045 L02 HE
|2023-05-12|18:44:12.340| [INFO] ................ WARNING: No mask found, generating mask via thresholding at 1.25x!
|2023-05-12|18:44:14.128| [INFO] ........ Preparing Input Output Placement: 1.795161542002461
|2023-05-12|18:48:47.387| [INFO] ........ Inference Time: 273.2583088629908
|2023-05-12|18:48:57.755| [INFO] ........ Total Post Proc Time: 10.366499251991627
|2023-05-12|18:48:58.200| [INFO] ........ Save Time: 0.44362807599827647
|2023-05-12|18:48:58.201| [INFO] ................ Finish
|2023-05-17|20:34:29.649| [INFO] .... Detect #GPUS: 0
|2023-05-17|20:37:42.157| [INFO] .... Detect #GPUS: 0
|2023-05-17|20:38:25.482| [INFO] .... Detect #GPUS: 0
|2023-06-05|00:46:37.830| [INFO] .... Detect #GPUS: 0
|2023-06-05|00:46:54.032| [INFO] .... Detect #GPUS: 0
|2023-06-05|01:57:49.209| [INFO] .... Detect #GPUS: 1
|2023-06-05|01:58:16.686| [INFO] ........................ Done Assembling p0_he
|2023-06-18|21:36:17.058| [INFO] .... Detect #GPUS: 1
|2023-06-18|21:47:48.194| [INFO] ........................ Done Assembling p1_he
|2023-06-18|21:48:57.439| [INFO] ........................ Done Assembling p3_he
|2023-06-18|21:49:32.469| [INFO] ........................ Done Assembling p2_he
|2023-06-18|21:50:04.960| [INFO] ........................ Done Assembling p0_he
